This is pdfTeX, Version 3.14159265-2.6-1.40.21 (TeX Live 2020/W32TeX) (preloaded format=pdflatex 2020.7.31)  17 AUG 2020 12:36
entering extended mode
 restricted \write18 enabled.
 %&-line parsing enabled.
**Exercise_Final.tex
(./Exercise_Final.tex
LaTeX2e <2020-02-02> patch level 5
L3 programming layer <2020-07-17> (c:/Users/timot/AppData/Roaming/TinyTeX/texmf
-dist/tex/latex/base/article.cls
Document Class: article 2019/12/20 v1.4l Standard LaTeX document class
(c:/Users/timot/AppData/Roaming/TinyTeX/texmf-dist/tex/latex/base/size10.clo
File: size10.clo 2019/12/20 v1.4l Standard LaTeX file (size option)
)
\c@part=\count168
\c@section=\count169
\c@subsection=\count170
\c@subsubsection=\count171
\c@paragraph=\count172
\c@subparagraph=\count173
\c@figure=\count174
\c@table=\count175
\abovecaptionskip=\skip47
\belowcaptionskip=\skip48
\bibindent=\dimen134
) (c:/Users/timot/AppData/Roaming/TinyTeX/texmf-dist/tex/latex/lm/lmodern.sty
Package: lmodern 2009/10/30 v1.6 Latin Modern Fonts
LaTeX Font Info:    Overwriting symbol font `operators' in version `normal'
(Font)                  OT1/cmr/m/n --> OT1/lmr/m/n on input line 22.
LaTeX Font Info:    Overwriting symbol font `letters' in version `normal'
(Font)                  OML/cmm/m/it --> OML/lmm/m/it on input line 23.
LaTeX Font Info:    Overwriting symbol font `symbols' in version `normal'
(Font)                  OMS/cmsy/m/n --> OMS/lmsy/m/n on input line 24.
LaTeX Font Info:    Overwriting symbol font `largesymbols' in version `normal'
(Font)                  OMX/cmex/m/n --> OMX/lmex/m/n on input line 25.
LaTeX Font Info:    Overwriting symbol font `operators' in version `bold'
(Font)                  OT1/cmr/bx/n --> OT1/lmr/bx/n on input line 26.
LaTeX Font Info:    Overwriting symbol font `letters' in version `bold'
(Font)                  OML/cmm/b/it --> OML/lmm/b/it on input line 27.
LaTeX Font Info:    Overwriting symbol font `symbols' in version `bold'
(Font)                  OMS/cmsy/b/n --> OMS/lmsy/b/n on input line 28.
LaTeX Font Info:    Overwriting symbol font `largesymbols' in version `bold'
(Font)                  OMX/cmex/m/n --> OMX/lmex/m/n on input line 29.
LaTeX Font Info:    Overwriting math alphabet `\mathbf' in version `normal'
(Font)                  OT1/cmr/bx/n --> OT1/lmr/bx/n on input line 31.
LaTeX Font Info:    Overwriting math alphabet `\mathsf' in version `normal'
(Font)                  OT1/cmss/m/n --> OT1/lmss/m/n on input line 32.
LaTeX Font Info:    Overwriting math alphabet `\mathit' in version `normal'
(Font)                  OT1/cmr/m/it --> OT1/lmr/m/it on input line 33.
LaTeX Font Info:    Overwriting math alphabet `\mathtt' in version `normal'
(Font)                  OT1/cmtt/m/n --> OT1/lmtt/m/n on input line 34.
LaTeX Font Info:    Overwriting math alphabet `\mathbf' in version `bold'
(Font)                  OT1/cmr/bx/n --> OT1/lmr/bx/n on input line 35.
LaTeX Font Info:    Overwriting math alphabet `\mathsf' in version `bold'
(Font)                  OT1/cmss/bx/n --> OT1/lmss/bx/n on input line 36.
LaTeX Font Info:    Overwriting math alphabet `\mathit' in version `bold'
(Font)                  OT1/cmr/bx/it --> OT1/lmr/bx/it on input line 37.
LaTeX Font Info:    Overwriting math alphabet `\mathtt' in version `bold'
(Font)                  OT1/cmtt/m/n --> OT1/lmtt/m/n on input line 38.
)
(c:/Users/timot/AppData/Roaming/TinyTeX/texmf-dist/tex/latex/amsfonts/amssymb.s
ty
Package: amssymb 2013/01/14 v3.01 AMS font symbols

(c:/Users/timot/AppData/Roaming/TinyTeX/texmf-dist/tex/latex/amsfonts/amsfonts.
sty
Package: amsfonts 2013/01/14 v3.01 Basic AMSFonts support
\@emptytoks=\toks15
\symAMSa=\mathgroup4
\symAMSb=\mathgroup5
LaTeX Font Info:    Redeclaring math symbol \hbar on input line 98.
LaTeX Font Info:    Overwriting math alphabet `\mathfrak' in version `bold'
(Font)                  U/euf/m/n --> U/euf/b/n on input line 106.
))
(c:/Users/timot/AppData/Roaming/TinyTeX/texmf-dist/tex/latex/amsmath/amsmath.st
y
Package: amsmath 2020/01/20 v2.17e AMS math features
\@mathmargin=\skip49
For additional information on amsmath, use the `?' option.

(c:/Users/timot/AppData/Roaming/TinyTeX/texmf-dist/tex/latex/amsmath/amstext.st
y
Package: amstext 2000/06/29 v2.01 AMS text

(c:/Users/timot/AppData/Roaming/TinyTeX/texmf-dist/tex/latex/amsmath/amsgen.sty
File: amsgen.sty 1999/11/30 v2.0 generic functions
\@emptytoks=\toks16
\ex@=\dimen135
))
(c:/Users/timot/AppData/Roaming/TinyTeX/texmf-dist/tex/latex/amsmath/amsbsy.sty
Package: amsbsy 1999/11/29 v1.2d Bold Symbols
\pmbraise@=\dimen136
)
(c:/Users/timot/AppData/Roaming/TinyTeX/texmf-dist/tex/latex/amsmath/amsopn.sty
Package: amsopn 2016/03/08 v2.02 operator names
)
\inf@bad=\count176
LaTeX Info: Redefining \frac on input line 227.
\uproot@=\count177
\leftroot@=\count178
LaTeX Info: Redefining \overline on input line 389.
\classnum@=\count179
\DOTSCASE@=\count180
LaTeX Info: Redefining \ldots on input line 486.
LaTeX Info: Redefining \dots on input line 489.
LaTeX Info: Redefining \cdots on input line 610.
\Mathstrutbox@=\box45
\strutbox@=\box46
\big@size=\dimen137
LaTeX Font Info:    Redeclaring font encoding OML on input line 733.
LaTeX Font Info:    Redeclaring font encoding OMS on input line 734.
\macc@depth=\count181
\c@MaxMatrixCols=\count182
\dotsspace@=\muskip16
\c@parentequation=\count183
\dspbrk@lvl=\count184
\tag@help=\toks17
\row@=\count185
\column@=\count186
\maxfields@=\count187
\andhelp@=\toks18
\eqnshift@=\dimen138
\alignsep@=\dimen139
\tagshift@=\dimen140
\tagwidth@=\dimen141
\totwidth@=\dimen142
\lineht@=\dimen143
\@envbody=\toks19
\multlinegap=\skip50
\multlinetaggap=\skip51
\mathdisplay@stack=\toks20
LaTeX Info: Redefining \[ on input line 2859.
LaTeX Info: Redefining \] on input line 2860.
)
(c:/Users/timot/AppData/Roaming/TinyTeX/texmf-dist/tex/generic/iftex/ifxetex.st
y
Package: ifxetex 2019/10/25 v0.7 ifxetex legacy package. Use iftex instead.
(c:/Users/timot/AppData/Roaming/TinyTeX/texmf-dist/tex/generic/iftex/iftex.sty
Package: iftex 2020/03/06 v1.0d TeX engine tests
))
(c:/Users/timot/AppData/Roaming/TinyTeX/texmf-dist/tex/generic/iftex/ifluatex.s
ty
Package: ifluatex 2019/10/25 v1.5 ifluatex legacy package. Use iftex instead.
) (c:/Users/timot/AppData/Roaming/TinyTeX/texmf-dist/tex/latex/base/fontenc.sty
Package: fontenc 2020/02/11 v2.0o Standard LaTeX package
LaTeX Font Info:    Trying to load font information for T1+lmr on input line 11
2.
(c:/Users/timot/AppData/Roaming/TinyTeX/texmf-dist/tex/latex/lm/t1lmr.fd
File: t1lmr.fd 2009/10/30 v1.6 Font defs for Latin Modern
)) (c:/Users/timot/AppData/Roaming/TinyTeX/texmf-dist/tex/latex/base/inputenc.s
ty
Package: inputenc 2018/08/11 v1.3c Input encoding file
\inpenc@prehook=\toks21
\inpenc@posthook=\toks22
) (c:/Users/timot/AppData/Roaming/TinyTeX/texmf-dist/tex/latex/base/textcomp.st
y
Package: textcomp 2020/02/02 v2.0n Standard LaTeX package
) (c:/Users/timot/AppData/Roaming/TinyTeX/texmf-dist/tex/latex/xcolor/xcolor.st
y
Package: xcolor 2016/05/11 v2.12 LaTeX color extensions (UK)

(c:/Users/timot/AppData/Roaming/TinyTeX/texmf-dist/tex/latex/graphics-cfg/color
.cfg
File: color.cfg 2016/01/02 v1.6 sample color configuration
)
Package xcolor Info: Driver file: pdftex.def on input line 225.

(c:/Users/timot/AppData/Roaming/TinyTeX/texmf-dist/tex/latex/graphics-def/pdfte
x.def
File: pdftex.def 2018/01/08 v1.0l Graphics/color driver for pdftex
)
Package xcolor Info: Model `cmy' substituted by `cmy0' on input line 1348.
Package xcolor Info: Model `hsb' substituted by `rgb' on input line 1352.
Package xcolor Info: Model `RGB' extended on input line 1364.
Package xcolor Info: Model `HTML' substituted by `rgb' on input line 1366.
Package xcolor Info: Model `Hsb' substituted by `hsb' on input line 1367.
Package xcolor Info: Model `tHsb' substituted by `hsb' on input line 1368.
Package xcolor Info: Model `HSB' substituted by `hsb' on input line 1369.
Package xcolor Info: Model `Gray' substituted by `gray' on input line 1370.
Package xcolor Info: Model `wave' substituted by `hsb' on input line 1371.
)
(c:/Users/timot/AppData/Roaming/TinyTeX/texmf-dist/tex/latex/hyperref/hyperref.
sty
Package: hyperref 2020-05-15 v7.00e Hypertext links for LaTeX

(c:/Users/timot/AppData/Roaming/TinyTeX/texmf-dist/tex/generic/ltxcmds/ltxcmds.
sty
Package: ltxcmds 2019/12/15 v1.24 LaTeX kernel commands for general use (HO)
)
(c:/Users/timot/AppData/Roaming/TinyTeX/texmf-dist/tex/generic/pdftexcmds/pdfte
xcmds.sty
Package: pdftexcmds 2020-06-27 v0.33 Utility functions of pdfTeX for LuaTeX (HO
)

(c:/Users/timot/AppData/Roaming/TinyTeX/texmf-dist/tex/generic/infwarerr/infwar
err.sty
Package: infwarerr 2019/12/03 v1.5 Providing info/warning/error messages (HO)
)
Package pdftexcmds Info: \pdf@primitive is available.
Package pdftexcmds Info: \pdf@ifprimitive is available.
Package pdftexcmds Info: \pdfdraftmode found.
)
(c:/Users/timot/AppData/Roaming/TinyTeX/texmf-dist/tex/latex/graphics/keyval.st
y
Package: keyval 2014/10/28 v1.15 key=value parser (DPC)
\KV@toks@=\toks23
)
(c:/Users/timot/AppData/Roaming/TinyTeX/texmf-dist/tex/generic/kvsetkeys/kvsetk
eys.sty
Package: kvsetkeys 2019/12/15 v1.18 Key value parser (HO)
)
(c:/Users/timot/AppData/Roaming/TinyTeX/texmf-dist/tex/generic/kvdefinekeys/kvd
efinekeys.sty
Package: kvdefinekeys 2019-12-19 v1.6 Define keys (HO)
)
(c:/Users/timot/AppData/Roaming/TinyTeX/texmf-dist/tex/generic/pdfescape/pdfesc
ape.sty
Package: pdfescape 2019/12/09 v1.15 Implements pdfTeX's escape features (HO)
)
(c:/Users/timot/AppData/Roaming/TinyTeX/texmf-dist/tex/latex/hycolor/hycolor.st
y
Package: hycolor 2020-01-27 v1.10 Color options for hyperref/bookmark (HO)
)
(c:/Users/timot/AppData/Roaming/TinyTeX/texmf-dist/tex/latex/letltxmacro/letltx
macro.sty
Package: letltxmacro 2019/12/03 v1.6 Let assignment for LaTeX macros (HO)
)
(c:/Users/timot/AppData/Roaming/TinyTeX/texmf-dist/tex/latex/auxhook/auxhook.st
y
Package: auxhook 2019-12-17 v1.6 Hooks for auxiliary files (HO)
)
(c:/Users/timot/AppData/Roaming/TinyTeX/texmf-dist/tex/latex/kvoptions/kvoption
s.sty
Package: kvoptions 2019/11/29 v3.13 Key value format for package options (HO)
)
\@linkdim=\dimen144
\Hy@linkcounter=\count188
\Hy@pagecounter=\count189

(c:/Users/timot/AppData/Roaming/TinyTeX/texmf-dist/tex/latex/hyperref/pd1enc.de
f
File: pd1enc.def 2020-05-15 v7.00e Hyperref: PDFDocEncoding definition (HO)
Now handling font encoding PD1 ...
... no UTF-8 mapping file for font encoding PD1
)
(c:/Users/timot/AppData/Roaming/TinyTeX/texmf-dist/tex/generic/intcalc/intcalc.
sty
Package: intcalc 2019/12/15 v1.3 Expandable calculations with integers (HO)
)
(c:/Users/timot/AppData/Roaming/TinyTeX/texmf-dist/tex/generic/etexcmds/etexcmd
s.sty
Package: etexcmds 2019/12/15 v1.7 Avoid name clashes with e-TeX commands (HO)
)
\Hy@SavedSpaceFactor=\count190
Package hyperref Info: Option `unicode' set `true' on input line 4338.

(c:/Users/timot/AppData/Roaming/TinyTeX/texmf-dist/tex/latex/hyperref/puenc.def
File: puenc.def 2020-05-15 v7.00e Hyperref: PDF Unicode definition (HO)
Now handling font encoding PU ...
... no UTF-8 mapping file for font encoding PU
)
Package hyperref Info: Hyper figures OFF on input line 4464.
Package hyperref Info: Link nesting OFF on input line 4469.
Package hyperref Info: Hyper index ON on input line 4472.
Package hyperref Info: Plain pages OFF on input line 4479.
Package hyperref Info: Backreferencing OFF on input line 4484.
Package hyperref Info: Implicit mode ON; LaTeX internals redefined.
Package hyperref Info: Bookmarks ON on input line 4717.
\c@Hy@tempcnt=\count191
(c:/Users/timot/AppData/Roaming/TinyTeX/texmf-dist/tex/latex/url/url.sty
\Urlmuskip=\muskip17
Package: url 2013/09/16  ver 3.4  Verb mode for urls, etc.
)
LaTeX Info: Redefining \url on input line 5076.
\XeTeXLinkMargin=\dimen145

(c:/Users/timot/AppData/Roaming/TinyTeX/texmf-dist/tex/generic/bitset/bitset.st
y
Package: bitset 2019/12/09 v1.3 Handle bit-vector datatype (HO)

(c:/Users/timot/AppData/Roaming/TinyTeX/texmf-dist/tex/generic/bigintcalc/bigin
tcalc.sty
Package: bigintcalc 2019/12/15 v1.5 Expandable calculations on big integers (HO
)
))
\Fld@menulength=\count192
\Field@Width=\dimen146
\Fld@charsize=\dimen147
Package hyperref Info: Hyper figures OFF on input line 6347.
Package hyperref Info: Link nesting OFF on input line 6352.
Package hyperref Info: Hyper index ON on input line 6355.
Package hyperref Info: backreferencing OFF on input line 6362.
Package hyperref Info: Link coloring OFF on input line 6367.
Package hyperref Info: Link coloring with OCG OFF on input line 6372.
Package hyperref Info: PDF/A mode OFF on input line 6377.
LaTeX Info: Redefining \ref on input line 6417.
LaTeX Info: Redefining \pageref on input line 6421.

(c:/Users/timot/AppData/Roaming/TinyTeX/texmf-dist/tex/generic/atbegshi/atbegsh
i.sty
Package: atbegshi 2019/12/05 v1.19 At begin shipout hook (HO)
)
\Hy@abspage=\count193
\c@Item=\count194
\c@Hfootnote=\count195
)
Package hyperref Info: Driver (autodetected): hpdftex.

(c:/Users/timot/AppData/Roaming/TinyTeX/texmf-dist/tex/latex/hyperref/hpdftex.d
ef
File: hpdftex.def 2020-05-15 v7.00e Hyperref driver for pdfTeX

(c:/Users/timot/AppData/Roaming/TinyTeX/texmf-dist/tex/latex/atveryend/atveryen
d.sty
Package: atveryend 2019-12-11 v1.11 Hooks at the very end of document (HO)
Package atveryend Info: \enddocument detected (standard20110627).
)
\Fld@listcount=\count196
\c@bookmark@seq@number=\count197

(c:/Users/timot/AppData/Roaming/TinyTeX/texmf-dist/tex/latex/rerunfilecheck/rer
unfilecheck.sty
Package: rerunfilecheck 2019/12/05 v1.9 Rerun checks for auxiliary files (HO)

(c:/Users/timot/AppData/Roaming/TinyTeX/texmf-dist/tex/generic/uniquecounter/un
iquecounter.sty
Package: uniquecounter 2019/12/15 v1.4 Provide unlimited unique counter (HO)
)
Package uniquecounter Info: New unique counter `rerunfilecheck' on input line 2
86.
)
\Hy@SectionHShift=\skip52
)
(c:/Users/timot/AppData/Roaming/TinyTeX/texmf-dist/tex/latex/geometry/geometry.
sty
Package: geometry 2020/01/02 v5.9 Page Geometry

(c:/Users/timot/AppData/Roaming/TinyTeX/texmf-dist/tex/generic/iftex/ifvtex.sty
Package: ifvtex 2019/10/25 v1.7 ifvtex legacy package. Use iftex instead.
)
\Gm@cnth=\count198
\Gm@cntv=\count199
\c@Gm@tempcnt=\count266
\Gm@bindingoffset=\dimen148
\Gm@wd@mp=\dimen149
\Gm@odd@mp=\dimen150
\Gm@even@mp=\dimen151
\Gm@layoutwidth=\dimen152
\Gm@layoutheight=\dimen153
\Gm@layouthoffset=\dimen154
\Gm@layoutvoffset=\dimen155
\Gm@dimlist=\toks24
)
(c:/Users/timot/AppData/Roaming/TinyTeX/texmf-dist/tex/latex/fancyvrb/fancyvrb.
sty
Package: fancyvrb 2020/05/03 v3.6 verbatim text (tvz,hv)
\FV@CodeLineNo=\count267
\FV@InFile=\read2
\FV@TabBox=\box47
\c@FancyVerbLine=\count268
\FV@StepNumber=\count269
\FV@OutFile=\write3
) (c:/Users/timot/AppData/Roaming/TinyTeX/texmf-dist/tex/latex/framed/framed.st
y
Package: framed 2011/10/22 v 0.96: framed or shaded text with page breaks
\OuterFrameSep=\skip53
\fb@frw=\dimen156
\fb@frh=\dimen157
\FrameRule=\dimen158
\FrameSep=\dimen159
)
(c:/Users/timot/AppData/Roaming/TinyTeX/texmf-dist/tex/latex/graphics/graphicx.
sty
Package: graphicx 2019/11/30 v1.2a Enhanced LaTeX Graphics (DPC,SPQR)

(c:/Users/timot/AppData/Roaming/TinyTeX/texmf-dist/tex/latex/graphics/graphics.
sty
Package: graphics 2019/11/30 v1.4a Standard LaTeX Graphics (DPC,SPQR)
(c:/Users/timot/AppData/Roaming/TinyTeX/texmf-dist/tex/latex/graphics/trig.sty
Package: trig 2016/01/03 v1.10 sin cos tan (DPC)
)
(c:/Users/timot/AppData/Roaming/TinyTeX/texmf-dist/tex/latex/graphics-cfg/graph
ics.cfg
File: graphics.cfg 2016/06/04 v1.11 sample graphics configuration
)
Package graphics Info: Driver file: pdftex.def on input line 105.
)
\Gin@req@height=\dimen160
\Gin@req@width=\dimen161
)
(c:/Users/timot/AppData/Roaming/TinyTeX/texmf-dist/tex/latex/grffile/grffile.st
y
Package: grffile 2019/11/11 v2.1 Extended file name support for graphics (legac
y)
Package grffile Info: This package is an empty stub for compatibility on input 
line 40.
)
(c:/Users/timot/AppData/Roaming/TinyTeX/texmf-dist/tex/latex/l3backend/l3backen
d-pdfmode.def
File: l3backend-pdfmode.def 2020-06-29 L3 backend support: PDF mode
\l__kernel_color_stack_int=\count270
\l__pdf_internal_box=\box48
)
No file Exercise_Final.aux.
\openout1 = `Exercise_Final.aux'.

LaTeX Font Info:    Checking defaults for OML/cmm/m/it on input line 107.
LaTeX Font Info:    ... okay on input line 107.
LaTeX Font Info:    Checking defaults for OMS/cmsy/m/n on input line 107.
LaTeX Font Info:    ... okay on input line 107.
LaTeX Font Info:    Checking defaults for OT1/cmr/m/n on input line 107.
LaTeX Font Info:    ... okay on input line 107.
LaTeX Font Info:    Checking defaults for T1/cmr/m/n on input line 107.
LaTeX Font Info:    ... okay on input line 107.
LaTeX Font Info:    Checking defaults for TS1/cmr/m/n on input line 107.
LaTeX Font Info:    ... okay on input line 107.
LaTeX Font Info:    Checking defaults for OMX/cmex/m/n on input line 107.
LaTeX Font Info:    ... okay on input line 107.
LaTeX Font Info:    Checking defaults for U/cmr/m/n on input line 107.
LaTeX Font Info:    ... okay on input line 107.
LaTeX Font Info:    Checking defaults for PD1/pdf/m/n on input line 107.
LaTeX Font Info:    ... okay on input line 107.
LaTeX Font Info:    Checking defaults for PU/pdf/m/n on input line 107.
LaTeX Font Info:    ... okay on input line 107.

(c:/Users/timot/AppData/Roaming/TinyTeX/texmf-dist/tex/latex/epstopdf-pkg/epsto
pdf-base.sty
Package: epstopdf-base 2020-01-24 v2.11 Base part for package epstopdf
Package epstopdf-base Info: Redefining graphics rule for `.eps' on input line 4
85.

(c:/Users/timot/AppData/Roaming/TinyTeX/texmf-dist/tex/latex/latexconfig/epstop
df-sys.cfg
File: epstopdf-sys.cfg 2010/07/13 v1.3 Configuration of (r)epstopdf for TeX Liv
e
))
\AtBeginShipoutBox=\box49
Package hyperref Info: Link coloring OFF on input line 107.

(c:/Users/timot/AppData/Roaming/TinyTeX/texmf-dist/tex/latex/hyperref/nameref.s
ty
Package: nameref 2019/09/16 v2.46 Cross-referencing by name of section

(c:/Users/timot/AppData/Roaming/TinyTeX/texmf-dist/tex/latex/refcount/refcount.
sty
Package: refcount 2019/12/15 v3.6 Data extraction from label references (HO)
)
(c:/Users/timot/AppData/Roaming/TinyTeX/texmf-dist/tex/generic/gettitlestring/g
ettitlestring.sty
Package: gettitlestring 2019/12/15 v1.6 Cleanup title references (HO)
)
\c@section@level=\count271
)
LaTeX Info: Redefining \ref on input line 107.
LaTeX Info: Redefining \pageref on input line 107.
LaTeX Info: Redefining \nameref on input line 107.
\@outlinefile=\write4
\openout4 = `Exercise_Final.out'.

*geometry* driver: auto-detecting
*geometry* detected driver: pdftex
*geometry* verbose mode - [ preamble ] result:
* driver: pdftex
* paper: <default>
* layout: <same size as paper>
* layoutoffset:(h,v)=(0.0pt,0.0pt)
* modes: 
* h-part:(L,W,R)=(72.26999pt, 469.75502pt, 72.26999pt)
* v-part:(T,H,B)=(72.26999pt, 650.43001pt, 72.26999pt)
* \paperwidth=614.295pt
* \paperheight=794.96999pt
* \textwidth=469.75502pt
* \textheight=650.43001pt
* \oddsidemargin=0.0pt
* \evensidemargin=0.0pt
* \topmargin=-37.0pt
* \headheight=12.0pt
* \headsep=25.0pt
* \topskip=10.0pt
* \footskip=30.0pt
* \marginparwidth=65.0pt
* \marginparsep=11.0pt
* \columnsep=10.0pt
* \skip\footins=9.0pt plus 4.0pt minus 2.0pt
* \hoffset=0.0pt
* \voffset=0.0pt
* \mag=1000
* \@twocolumnfalse
* \@twosidefalse
* \@mparswitchfalse
* \@reversemarginfalse
* (1in=72.27pt=25.4mm, 1cm=28.453pt)

LaTeX Font Info:    Trying to load font information for OT1+lmr on input line 1
09.
(c:/Users/timot/AppData/Roaming/TinyTeX/texmf-dist/tex/latex/lm/ot1lmr.fd
File: ot1lmr.fd 2009/10/30 v1.6 Font defs for Latin Modern
)
LaTeX Font Info:    Trying to load font information for OML+lmm on input line 1
09.
(c:/Users/timot/AppData/Roaming/TinyTeX/texmf-dist/tex/latex/lm/omllmm.fd
File: omllmm.fd 2009/10/30 v1.6 Font defs for Latin Modern
)
LaTeX Font Info:    Trying to load font information for OMS+lmsy on input line 
109.
(c:/Users/timot/AppData/Roaming/TinyTeX/texmf-dist/tex/latex/lm/omslmsy.fd
File: omslmsy.fd 2009/10/30 v1.6 Font defs for Latin Modern
)
LaTeX Font Info:    Trying to load font information for OMX+lmex on input line 
109.
(c:/Users/timot/AppData/Roaming/TinyTeX/texmf-dist/tex/latex/lm/omxlmex.fd
File: omxlmex.fd 2009/10/30 v1.6 Font defs for Latin Modern
)
LaTeX Font Info:    External font `lmex10' loaded for size
(Font)              <12> on input line 109.
LaTeX Font Info:    External font `lmex10' loaded for size
(Font)              <8> on input line 109.
LaTeX Font Info:    External font `lmex10' loaded for size
(Font)              <6> on input line 109.
LaTeX Font Info:    Trying to load font information for U+msa on input line 109
.
(c:/Users/timot/AppData/Roaming/TinyTeX/texmf-dist/tex/latex/amsfonts/umsa.fd
File: umsa.fd 2013/01/14 v3.01 AMS symbols A
)
LaTeX Font Info:    Trying to load font information for U+msb on input line 109
.
(c:/Users/timot/AppData/Roaming/TinyTeX/texmf-dist/tex/latex/amsfonts/umsb.fd
File: umsb.fd 2013/01/14 v3.01 AMS symbols B
)
<Exercise_Final_files/figure-latex/unnamed-chunk-3-1.pdf, id=4, 433.62pt x 289.
08pt>
File: Exercise_Final_files/figure-latex/unnamed-chunk-3-1.pdf Graphic file (typ
e pdf)
<use Exercise_Final_files/figure-latex/unnamed-chunk-3-1.pdf>
Package pdftex.def Info: Exercise_Final_files/figure-latex/unnamed-chunk-3-1.pd
f  used on input line 118.
(pdftex.def)             Requested size: 433.63878pt x 289.09251pt.
LaTeX Font Info:    Trying to load font information for T1+lmtt on input line 1
27.
(c:/Users/timot/AppData/Roaming/TinyTeX/texmf-dist/tex/latex/lm/t1lmtt.fd
File: t1lmtt.fd 2009/10/30 v1.6 Font defs for Latin Modern
) [1

{c:/Users/timot/AppData/Roaming/TinyTeX/texmf-var/fonts/map/pdftex/updmap/pdfte
x.map} <./Exercise_Final_files/figure-latex/unnamed-chunk-3-1.pdf>]
Underfull \hbox (badness 10000) in paragraph at lines 189--190

 []

[2]
<Exercise_Final_files/figure-latex/unnamed-chunk-8-1.pdf, id=27, 433.62pt x 289
.08pt>
File: Exercise_Final_files/figure-latex/unnamed-chunk-8-1.pdf Graphic file (typ
e pdf)
<use Exercise_Final_files/figure-latex/unnamed-chunk-8-1.pdf>
Package pdftex.def Info: Exercise_Final_files/figure-latex/unnamed-chunk-8-1.pd
f  used on input line 232.
(pdftex.def)             Requested size: 433.63878pt x 289.09251pt.
[3 <./Exercise_Final_files/figure-latex/unnamed-chunk-8-1.pdf>]
Underfull \hbox (badness 10000) in paragraph at lines 246--247

 []

<Exercise_Final_files/figure-latex/unnamed-chunk-10-1.pdf, id=37, 433.62pt x 28
9.08pt>
File: Exercise_Final_files/figure-latex/unnamed-chunk-10-1.pdf Graphic file (ty
pe pdf)
<use Exercise_Final_files/figure-latex/unnamed-chunk-10-1.pdf>
Package pdftex.def Info: Exercise_Final_files/figure-latex/unnamed-chunk-10-1.p
df  used on input line 251.
(pdftex.def)             Requested size: 433.63878pt x 289.09251pt.
<Exercise_Final_files/figure-latex/unnamed-chunk-11-1.pdf, id=38, 433.62pt x 28
9.08pt>
File: Exercise_Final_files/figure-latex/unnamed-chunk-11-1.pdf Graphic file (ty
pe pdf)
<use Exercise_Final_files/figure-latex/unnamed-chunk-11-1.pdf>
Package pdftex.def Info: Exercise_Final_files/figure-latex/unnamed-chunk-11-1.p
df  used on input line 257.
(pdftex.def)             Requested size: 433.63878pt x 289.09251pt.
[4 <./Exercise_Final_files/figure-latex/unnamed-chunk-10-1.pdf>]
<Exercise_Final_files/figure-latex/unnamed-chunk-14-1.pdf, id=48, 433.62pt x 28
9.08pt>
File: Exercise_Final_files/figure-latex/unnamed-chunk-14-1.pdf Graphic file (ty
pe pdf)
<use Exercise_Final_files/figure-latex/unnamed-chunk-14-1.pdf>
Package pdftex.def Info: Exercise_Final_files/figure-latex/unnamed-chunk-14-1.p
df  used on input line 289.
(pdftex.def)             Requested size: 433.63878pt x 289.09251pt.
[5 <./Exercise_Final_files/figure-latex/unnamed-chunk-11-1.pdf>]
<Exercise_Final_files/figure-latex/unnamed-chunk-16-1.pdf, id=58, 433.62pt x 28
9.08pt>
File: Exercise_Final_files/figure-latex/unnamed-chunk-16-1.pdf Graphic file (ty
pe pdf)
<use Exercise_Final_files/figure-latex/unnamed-chunk-16-1.pdf>
Package pdftex.def Info: Exercise_Final_files/figure-latex/unnamed-chunk-16-1.p
df  used on input line 309.
(pdftex.def)             Requested size: 433.63878pt x 289.09251pt.
[6 <./Exercise_Final_files/figure-latex/unnamed-chunk-14-1.pdf>]
<Exercise_Final_files/figure-latex/unnamed-chunk-18-1.pdf, id=68, 433.62pt x 28
9.08pt>
File: Exercise_Final_files/figure-latex/unnamed-chunk-18-1.pdf Graphic file (ty
pe pdf)
<use Exercise_Final_files/figure-latex/unnamed-chunk-18-1.pdf>
Package pdftex.def Info: Exercise_Final_files/figure-latex/unnamed-chunk-18-1.p
df  used on input line 333.
(pdftex.def)             Requested size: 433.63878pt x 289.09251pt.
[7 <./Exercise_Final_files/figure-latex/unnamed-chunk-16-1.pdf>]
Underfull \hbox (badness 10000) in paragraph at lines 376--377

 []

[8 <./Exercise_Final_files/figure-latex/unnamed-chunk-18-1.pdf>]
<Exercise_Final_files/figure-latex/unnamed-chunk-22-1.pdf, id=88, 433.62pt x 28
9.08pt>
File: Exercise_Final_files/figure-latex/unnamed-chunk-22-1.pdf Graphic file (ty
pe pdf)
<use Exercise_Final_files/figure-latex/unnamed-chunk-22-1.pdf>
Package pdftex.def Info: Exercise_Final_files/figure-latex/unnamed-chunk-22-1.p
df  used on input line 383.
(pdftex.def)             Requested size: 433.63878pt x 289.09251pt.

Underfull \hbox (badness 10000) in paragraph at lines 385--386

 []

<Exercise_Final_files/figure-latex/unnamed-chunk-24-1.pdf, id=89, 433.62pt x 28
9.08pt>
File: Exercise_Final_files/figure-latex/unnamed-chunk-24-1.pdf Graphic file (ty
pe pdf)
<use Exercise_Final_files/figure-latex/unnamed-chunk-24-1.pdf>
Package pdftex.def Info: Exercise_Final_files/figure-latex/unnamed-chunk-24-1.p
df  used on input line 391.
(pdftex.def)             Requested size: 433.63878pt x 289.09251pt.
[9 <./Exercise_Final_files/figure-latex/unnamed-chunk-22-1.pdf>]
Underfull \hbox (badness 10000) in paragraph at lines 393--394

 []

<Exercise_Final_files/figure-latex/unnamed-chunk-26-1.pdf, id=99, 433.62pt x 28
9.08pt>
File: Exercise_Final_files/figure-latex/unnamed-chunk-26-1.pdf Graphic file (ty
pe pdf)
<use Exercise_Final_files/figure-latex/unnamed-chunk-26-1.pdf>
Package pdftex.def Info: Exercise_Final_files/figure-latex/unnamed-chunk-26-1.p
df  used on input line 399.
(pdftex.def)             Requested size: 433.63878pt x 289.09251pt.
[10 <./Exercise_Final_files/figure-latex/unnamed-chunk-24-1.pdf>]
Underfull \hbox (badness 10000) in paragraph at lines 401--402

 []

<Exercise_Final_files/figure-latex/unnamed-chunk-28-1.pdf, id=109, 433.62pt x 2
89.08pt>
File: Exercise_Final_files/figure-latex/unnamed-chunk-28-1.pdf Graphic file (ty
pe pdf)
<use Exercise_Final_files/figure-latex/unnamed-chunk-28-1.pdf>
Package pdftex.def Info: Exercise_Final_files/figure-latex/unnamed-chunk-28-1.p
df  used on input line 407.
(pdftex.def)             Requested size: 433.63878pt x 289.09251pt.
[11 <./Exercise_Final_files/figure-latex/unnamed-chunk-26-1.pdf>]
Underfull \hbox (badness 10000) in paragraph at lines 409--410

 []

<Exercise_Final_files/figure-latex/unnamed-chunk-30-1.pdf, id=119, 505.89pt x 2
89.08pt>
File: Exercise_Final_files/figure-latex/unnamed-chunk-30-1.pdf Graphic file (ty
pe pdf)
<use Exercise_Final_files/figure-latex/unnamed-chunk-30-1.pdf>
Package pdftex.def Info: Exercise_Final_files/figure-latex/unnamed-chunk-30-1.p
df  used on input line 416.
(pdftex.def)             Requested size: 469.76265pt x 268.43579pt.
[12 <./Exercise_Final_files/figure-latex/unnamed-chunk-28-1.pdf>]
Underfull \hbox (badness 10000) in paragraph at lines 418--419

 []

<Exercise_Final_files/figure-latex/unnamed-chunk-32-1.pdf, id=130, 433.62pt x 2
89.08pt>
File: Exercise_Final_files/figure-latex/unnamed-chunk-32-1.pdf Graphic file (ty
pe pdf)
<use Exercise_Final_files/figure-latex/unnamed-chunk-32-1.pdf>
Package pdftex.def Info: Exercise_Final_files/figure-latex/unnamed-chunk-32-1.p
df  used on input line 424.
(pdftex.def)             Requested size: 433.63878pt x 289.09251pt.

Underfull \hbox (badness 10000) in paragraph at lines 426--427

 []

[13 <./Exercise_Final_files/figure-latex/unnamed-chunk-30-1.pdf> <./Exercise_Fi
nal_files/figure-latex/unnamed-chunk-32-1.pdf>]
<Exercise_Final_files/figure-latex/unnamed-chunk-34-1.pdf, id=146, 433.62pt x 2
89.08pt>
File: Exercise_Final_files/figure-latex/unnamed-chunk-34-1.pdf Graphic file (ty
pe pdf)
<use Exercise_Final_files/figure-latex/unnamed-chunk-34-1.pdf>
Package pdftex.def Info: Exercise_Final_files/figure-latex/unnamed-chunk-34-1.p
df  used on input line 431.
(pdftex.def)             Requested size: 433.63878pt x 289.09251pt.

Underfull \hbox (badness 10000) in paragraph at lines 433--434

 []

<Exercise_Final_files/figure-latex/unnamed-chunk-36-1.pdf, id=147, 433.62pt x 2
89.08pt>
File: Exercise_Final_files/figure-latex/unnamed-chunk-36-1.pdf Graphic file (ty
pe pdf)
<use Exercise_Final_files/figure-latex/unnamed-chunk-36-1.pdf>
Package pdftex.def Info: Exercise_Final_files/figure-latex/unnamed-chunk-36-1.p
df  used on input line 439.
(pdftex.def)             Requested size: 433.63878pt x 289.09251pt.
[14 <./Exercise_Final_files/figure-latex/unnamed-chunk-34-1.pdf>]
Underfull \hbox (badness 10000) in paragraph at lines 445--448

 []


Underfull \hbox (badness 10000) in paragraph at lines 449--452

 []


Underfull \hbox (badness 10000) in paragraph at lines 453--457

 []


Underfull \hbox (badness 10000) in paragraph at lines 458--462

 []


Underfull \hbox (badness 10000) in paragraph at lines 463--465

 []


Underfull \hbox (badness 10000) in paragraph at lines 466--468

 []

<Exercise_Final_files/figure-latex/unnamed-chunk-38-1.pdf, id=158, 361.35pt x 2
16.81pt>
File: Exercise_Final_files/figure-latex/unnamed-chunk-38-1.pdf Graphic file (ty
pe pdf)
<use Exercise_Final_files/figure-latex/unnamed-chunk-38-1.pdf>
Package pdftex.def Info: Exercise_Final_files/figure-latex/unnamed-chunk-38-1.p
df  used on input line 473.
(pdftex.def)             Requested size: 361.34912pt x 216.80946pt.
[15 <./Exercise_Final_files/figure-latex/unnamed-chunk-36-1.pdf>]
<Exercise_Final_files/figure-latex/unnamed-chunk-38-2.pdf, id=170, 361.35pt x 2
16.81pt>
File: Exercise_Final_files/figure-latex/unnamed-chunk-38-2.pdf Graphic file (ty
pe pdf)
<use Exercise_Final_files/figure-latex/unnamed-chunk-38-2.pdf>
Package pdftex.def Info: Exercise_Final_files/figure-latex/unnamed-chunk-38-2.p
df  used on input line 475.
(pdftex.def)             Requested size: 361.34912pt x 216.80946pt.
<Exercise_Final_files/figure-latex/unnamed-chunk-38-3.pdf, id=171, 361.35pt x 2
16.81pt>
File: Exercise_Final_files/figure-latex/unnamed-chunk-38-3.pdf Graphic file (ty
pe pdf)
<use Exercise_Final_files/figure-latex/unnamed-chunk-38-3.pdf>
Package pdftex.def Info: Exercise_Final_files/figure-latex/unnamed-chunk-38-3.p
df  used on input line 477.
(pdftex.def)             Requested size: 361.34912pt x 216.80946pt.
[16 <./Exercise_Final_files/figure-latex/unnamed-chunk-38-1.pdf> <./Exercise_Fi
nal_files/figure-latex/unnamed-chunk-38-2.pdf>]
<Exercise_Final_files/figure-latex/unnamed-chunk-38-4.pdf, id=188, 361.35pt x 2
16.81pt>
File: Exercise_Final_files/figure-latex/unnamed-chunk-38-4.pdf Graphic file (ty
pe pdf)
<use Exercise_Final_files/figure-latex/unnamed-chunk-38-4.pdf>
Package pdftex.def Info: Exercise_Final_files/figure-latex/unnamed-chunk-38-4.p
df  used on input line 479.
(pdftex.def)             Requested size: 361.34912pt x 216.80946pt.
<Exercise_Final_files/figure-latex/unnamed-chunk-38-5.pdf, id=189, 361.35pt x 2
16.81pt>
File: Exercise_Final_files/figure-latex/unnamed-chunk-38-5.pdf Graphic file (ty
pe pdf)
<use Exercise_Final_files/figure-latex/unnamed-chunk-38-5.pdf>
Package pdftex.def Info: Exercise_Final_files/figure-latex/unnamed-chunk-38-5.p
df  used on input line 481.
(pdftex.def)             Requested size: 361.34912pt x 216.80946pt.
[17 <./Exercise_Final_files/figure-latex/unnamed-chunk-38-3.pdf> <./Exercise_Fi
nal_files/figure-latex/unnamed-chunk-38-4.pdf>]
<Exercise_Final_files/figure-latex/unnamed-chunk-40-1.pdf, id=206, 469.755pt x 
325.215pt>
File: Exercise_Final_files/figure-latex/unnamed-chunk-40-1.pdf Graphic file (ty
pe pdf)
<use Exercise_Final_files/figure-latex/unnamed-chunk-40-1.pdf>
Package pdftex.def Info: Exercise_Final_files/figure-latex/unnamed-chunk-40-1.p
df  used on input line 486.
(pdftex.def)             Requested size: 469.75386pt x 325.2142pt.

Overfull \hbox (349.59499pt too wide) in paragraph at lines 483--487
\T1/lmr/bx/n/10 Portfolio 1 \T1/lmr/m/n/10 : A port-fo-lio of equal weights to 
all ETFs (i.e, 20 per-cent to all ETFs) [] 
 []

<Exercise_Final_files/figure-latex/unnamed-chunk-41-1.pdf, id=207, 469.755pt x 
325.215pt>
File: Exercise_Final_files/figure-latex/unnamed-chunk-41-1.pdf Graphic file (ty
pe pdf)
<use Exercise_Final_files/figure-latex/unnamed-chunk-41-1.pdf>
Package pdftex.def Info: Exercise_Final_files/figure-latex/unnamed-chunk-41-1.p
df  used on input line 488.
(pdftex.def)             Requested size: 469.75386pt x 325.2142pt.
[18 <./Exercise_Final_files/figure-latex/unnamed-chunk-38-5.pdf> <./Exercise_Fi
nal_files/figure-latex/unnamed-chunk-40-1.pdf>]
Underfull \hbox (badness 10000) in paragraph at lines 499--501

 []

<Exercise_Final_files/figure-latex/unnamed-chunk-44-1.pdf, id=224, 469.755pt x 
325.215pt>
File: Exercise_Final_files/figure-latex/unnamed-chunk-44-1.pdf Graphic file (ty
pe pdf)
<use Exercise_Final_files/figure-latex/unnamed-chunk-44-1.pdf>
Package pdftex.def Info: Exercise_Final_files/figure-latex/unnamed-chunk-44-1.p
df  used on input line 505.
(pdftex.def)             Requested size: 469.75386pt x 325.2142pt.
<Exercise_Final_files/figure-latex/unnamed-chunk-45-1.pdf, id=225, 469.755pt x 
325.215pt>
File: Exercise_Final_files/figure-latex/unnamed-chunk-45-1.pdf Graphic file (ty
pe pdf)
<use Exercise_Final_files/figure-latex/unnamed-chunk-45-1.pdf>
Package pdftex.def Info: Exercise_Final_files/figure-latex/unnamed-chunk-45-1.p
df  used on input line 506.
(pdftex.def)             Requested size: 469.75386pt x 325.2142pt.

Underfull \hbox (badness 10000) in paragraph at lines 505--507
[][]
 []

[19 <./Exercise_Final_files/figure-latex/unnamed-chunk-41-1.pdf>] [20 <./Exerci
se_Final_files/figure-latex/unnamed-chunk-44-1.pdf>]
Underfull \hbox (badness 10000) in paragraph at lines 517--518

 []

<Exercise_Final_files/figure-latex/unnamed-chunk-48-1.pdf, id=247, 469.755pt x 
325.215pt>
File: Exercise_Final_files/figure-latex/unnamed-chunk-48-1.pdf Graphic file (ty
pe pdf)
<use Exercise_Final_files/figure-latex/unnamed-chunk-48-1.pdf>
Package pdftex.def Info: Exercise_Final_files/figure-latex/unnamed-chunk-48-1.p
df  used on input line 522.
(pdftex.def)             Requested size: 469.75386pt x 325.2142pt.
<Exercise_Final_files/figure-latex/unnamed-chunk-49-1.pdf, id=248, 469.755pt x 
325.215pt>
File: Exercise_Final_files/figure-latex/unnamed-chunk-49-1.pdf Graphic file (ty
pe pdf)
<use Exercise_Final_files/figure-latex/unnamed-chunk-49-1.pdf>
Package pdftex.def Info: Exercise_Final_files/figure-latex/unnamed-chunk-49-1.p
df  used on input line 523.
(pdftex.def)             Requested size: 469.75386pt x 325.2142pt.

Underfull \hbox (badness 10000) in paragraph at lines 522--524
[][]
 []

[21 <./Exercise_Final_files/figure-latex/unnamed-chunk-45-1.pdf>] [22 <./Exerci
se_Final_files/figure-latex/unnamed-chunk-48-1.pdf>]
Underfull \hbox (badness 10000) in paragraph at lines 534--535

 []


Underfull \hbox (badness 10000) in paragraph at lines 536--544

 []

<Exercise_Final_files/figure-latex/unnamed-chunk-52-1.pdf, id=269, 433.62pt x 2
89.08pt>
File: Exercise_Final_files/figure-latex/unnamed-chunk-52-1.pdf Graphic file (ty
pe pdf)
<use Exercise_Final_files/figure-latex/unnamed-chunk-52-1.pdf>
Package pdftex.def Info: Exercise_Final_files/figure-latex/unnamed-chunk-52-1.p
df  used on input line 555.
(pdftex.def)             Requested size: 433.63878pt x 289.09251pt.
[23 <./Exercise_Final_files/figure-latex/unnamed-chunk-49-1.pdf>]
<Exercise_Final_files/figure-latex/unnamed-chunk-54-1.pdf, id=280, 433.62pt x 2
89.08pt>
File: Exercise_Final_files/figure-latex/unnamed-chunk-54-1.pdf Graphic file (ty
pe pdf)
<use Exercise_Final_files/figure-latex/unnamed-chunk-54-1.pdf>
Package pdftex.def Info: Exercise_Final_files/figure-latex/unnamed-chunk-54-1.p
df  used on input line 563.
(pdftex.def)             Requested size: 433.63878pt x 289.09251pt.
[24 <./Exercise_Final_files/figure-latex/unnamed-chunk-52-1.pdf> <./Exercise_Fi
nal_files/figure-latex/unnamed-chunk-54-1.pdf>]
LaTeX Font Info:    Font shape `T1/lmtt/bx/n' in size <10> not available
(Font)              Font shape `T1/lmtt/b/n' tried instead on input line 570.
<Exercise_Final_files/figure-latex/unnamed-chunk-55-1.pdf, id=296, 469.755pt x 
325.215pt>
File: Exercise_Final_files/figure-latex/unnamed-chunk-55-1.pdf Graphic file (ty
pe pdf)
<use Exercise_Final_files/figure-latex/unnamed-chunk-55-1.pdf>
Package pdftex.def Info: Exercise_Final_files/figure-latex/unnamed-chunk-55-1.p
df  used on input line 577.
(pdftex.def)             Requested size: 469.75386pt x 325.2142pt.

Underfull \hbox (badness 10000) in paragraph at lines 577--580
[][]
 []

<Exercise_Final_files/figure-latex/unnamed-chunk-56-1.pdf, id=297, 469.755pt x 
325.215pt>
File: Exercise_Final_files/figure-latex/unnamed-chunk-56-1.pdf Graphic file (ty
pe pdf)
<use Exercise_Final_files/figure-latex/unnamed-chunk-56-1.pdf>
Package pdftex.def Info: Exercise_Final_files/figure-latex/unnamed-chunk-56-1.p
df  used on input line 590.
(pdftex.def)             Requested size: 469.75386pt x 325.2142pt.

Underfull \hbox (badness 10000) in paragraph at lines 590--595
[][]
 []

[25 <./Exercise_Final_files/figure-latex/unnamed-chunk-55-1.pdf>]
<Exercise_Final_files/figure-latex/unnamed-chunk-57-1.pdf, id=309, 469.755pt x 
325.215pt>
File: Exercise_Final_files/figure-latex/unnamed-chunk-57-1.pdf Graphic file (ty
pe pdf)
<use Exercise_Final_files/figure-latex/unnamed-chunk-57-1.pdf>
Package pdftex.def Info: Exercise_Final_files/figure-latex/unnamed-chunk-57-1.p
df  used on input line 612.
(pdftex.def)             Requested size: 469.75386pt x 325.2142pt.
LaTeX Font Info:    External font `lmex10' loaded for size
(Font)              <10> on input line 613.
LaTeX Font Info:    External font `lmex10' loaded for size
(Font)              <7> on input line 613.
LaTeX Font Info:    External font `lmex10' loaded for size
(Font)              <5> on input line 613.

Underfull \hbox (badness 10000) in paragraph at lines 612--614
[][]
 []

[26 <./Exercise_Final_files/figure-latex/unnamed-chunk-56-1.pdf>] [27 <./Exerci
se_Final_files/figure-latex/unnamed-chunk-57-1.pdf>]
Overfull \hbox (41.02362pt too wide) in paragraph at lines 659--663
[]\T1/lmr/m/n/10 young <- load-ings %>% se-lect(Category,PC2) %>% ar-range(desc
(PC2)) gg-plot(young, aes(x=reorder(Category,PC2),
 []


Underfull \hbox (badness 2245) in paragraph at lines 664--668
[]\T1/lmr/m/n/10 scaled <- as.data.frame(scale(social[,-c(1)],center = T,scale 
= T)) mu <- attr(scale(social[,-c(1)]),
 []

! Extra }, or forgotten $.
l.671 cluster\_k\(tot.withinss) }
                                  plot(c(2:20), withinss) set.seed(1) cluste...
 
Here is how much of TeX's memory you used:
 11126 strings out of 482854
 168925 string characters out of 5955215
 411492 words of memory out of 5000000
 26224 multiletter control sequences out of 15000+600000
 585592 words of font info for 71 fonts, out of 8000000 for 9000
 14 hyphenation exceptions out of 8191
 43i,6n,37p,294b,459s stack positions out of 5000i,500n,10000p,200000b,80000s
!  ==> Fatal error occurred, no output PDF file produced!
